{"contracts/MarsKetplace.sol":{"l":{"55":6,"56":6,"57":1,"59":5,"64":1,"65":1,"66":0,"68":1,"73":5,"74":5,"75":5,"76":1,"78":4,"82":3,"98":4,"99":1,"102":3,"103":3,"104":0,"107":3,"109":3,"114":1,"116":1,"117":0,"120":1,"122":1,"123":1,"128":0,"130":0,"135":0,"136":0,"141":0,"142":0,"143":0,"144":0,"145":0,"151":0,"155":1},"path":"/home/anne/HAAAAAAAA/newTry/contracts/MarsKetplace.sol","s":{"1":6,"2":6,"3":1,"4":1,"5":5,"6":5,"7":5,"8":3,"9":4,"10":3,"11":3,"12":3,"13":3,"14":1,"15":1,"16":1,"17":1,"18":0,"19":0,"20":0,"21":0,"22":0,"23":0,"24":0,"25":0,"26":0,"27":1},"b":{"1":[1,5],"2":[0,1],"3":[1,4],"4":[1,3],"5":[0,3],"6":[0,1],"7":[0,0],"8":[0,0],"9":[0,0]},"f":{"1":6,"2":1,"3":5,"4":3,"5":4,"6":1,"7":0,"8":0,"9":0,"10":0,"11":1},"fnMap":{"1":{"name":"notListed","line":54,"loc":{"start":{"line":54,"column":4},"end":{"line":60,"column":4}}},"2":{"name":"isListed","line":63,"loc":{"start":{"line":63,"column":4},"end":{"line":69,"column":4}}},"3":{"name":"isOwner","line":72,"loc":{"start":{"line":72,"column":4},"end":{"line":79,"column":4}}},"4":{"name":"constructor","line":81,"loc":{"start":{"line":81,"column":4},"end":{"line":83,"column":4}}},"5":{"name":"listItem","line":96,"loc":{"start":{"line":96,"column":4},"end":{"line":111,"column":4}}},"6":{"name":"buyNFT","line":113,"loc":{"start":{"line":113,"column":4},"end":{"line":124,"column":4}}},"7":{"name":"cancelListing","line":126,"loc":{"start":{"line":126,"column":4},"end":{"line":131,"column":4}}},"8":{"name":"updateNFTPrice","line":133,"loc":{"start":{"line":133,"column":4},"end":{"line":137,"column":4}}},"9":{"name":"withdrawSales","line":139,"loc":{"start":{"line":139,"column":4},"end":{"line":146,"column":4}}},"10":{"name":"getListing","line":150,"loc":{"start":{"line":150,"column":4},"end":{"line":152,"column":4}}},"11":{"name":"getBalance","line":154,"loc":{"start":{"line":154,"column":4},"end":{"line":156,"column":4}}}},"statementMap":{"1":{"start":{"line":55,"column":8},"end":{"line":55,"column":65}},"2":{"start":{"line":56,"column":8},"end":{"line":56,"column":1921}},"3":{"start":{"line":64,"column":8},"end":{"line":64,"column":65}},"4":{"start":{"line":65,"column":8},"end":{"line":65,"column":2241}},"5":{"start":{"line":73,"column":8},"end":{"line":73,"column":41}},"6":{"start":{"line":74,"column":8},"end":{"line":74,"column":44}},"7":{"start":{"line":75,"column":8},"end":{"line":75,"column":2622}},"8":{"start":{"line":82,"column":8},"end":{"line":82,"column":33}},"9":{"start":{"line":98,"column":8},"end":{"line":98,"column":3509}},"10":{"start":{"line":102,"column":8},"end":{"line":102,"column":41}},"11":{"start":{"line":103,"column":8},"end":{"line":103,"column":3752}},"12":{"start":{"line":107,"column":8},"end":{"line":107,"column":68}},"13":{"start":{"line":109,"column":8},"end":{"line":109,"column":63}},"14":{"start":{"line":114,"column":8},"end":{"line":114,"column":68}},"15":{"start":{"line":116,"column":8},"end":{"line":116,"column":4302}},"16":{"start":{"line":122,"column":8},"end":{"line":122,"column":83}},"17":{"start":{"line":123,"column":8},"end":{"line":123,"column":72}},"18":{"start":{"line":130,"column":8},"end":{"line":130,"column":57}},"19":{"start":{"line":135,"column":8},"end":{"line":135,"column":56}},"20":{"start":{"line":136,"column":8},"end":{"line":136,"column":66}},"21":{"start":{"line":141,"column":8},"end":{"line":141,"column":105}},"22":{"start":{"line":142,"column":8},"end":{"line":142,"column":47}},"23":{"start":{"line":143,"column":8},"end":{"line":143,"column":64}},"24":{"start":{"line":144,"column":8},"end":{"line":144,"column":69}},"25":{"start":{"line":145,"column":8},"end":{"line":145,"column":42}},"26":{"start":{"line":151,"column":8},"end":{"line":151,"column":47}},"27":{"start":{"line":155,"column":8},"end":{"line":155,"column":36}}},"branchMap":{"1":{"line":56,"type":"if","locations":[{"start":{"line":56,"column":8},"end":{"line":56,"column":8}},{"start":{"line":56,"column":8},"end":{"line":56,"column":8}}]},"2":{"line":65,"type":"if","locations":[{"start":{"line":65,"column":8},"end":{"line":65,"column":8}},{"start":{"line":65,"column":8},"end":{"line":65,"column":8}}]},"3":{"line":75,"type":"if","locations":[{"start":{"line":75,"column":8},"end":{"line":75,"column":8}},{"start":{"line":75,"column":8},"end":{"line":75,"column":8}}]},"4":{"line":98,"type":"if","locations":[{"start":{"line":98,"column":8},"end":{"line":98,"column":8}},{"start":{"line":98,"column":8},"end":{"line":98,"column":8}}]},"5":{"line":103,"type":"if","locations":[{"start":{"line":103,"column":8},"end":{"line":103,"column":8}},{"start":{"line":103,"column":8},"end":{"line":103,"column":8}}]},"6":{"line":116,"type":"if","locations":[{"start":{"line":116,"column":8},"end":{"line":116,"column":8}},{"start":{"line":116,"column":8},"end":{"line":116,"column":8}}]},"7":{"line":141,"type":"if","locations":[{"start":{"line":141,"column":8},"end":{"line":141,"column":8}},{"start":{"line":141,"column":8},"end":{"line":141,"column":8}}]},"8":{"line":143,"type":"if","locations":[{"start":{"line":143,"column":8},"end":{"line":143,"column":8}},{"start":{"line":143,"column":8},"end":{"line":143,"column":8}}]},"9":{"line":145,"type":"if","locations":[{"start":{"line":145,"column":8},"end":{"line":145,"column":8}},{"start":{"line":145,"column":8},"end":{"line":145,"column":8}}]}}},"contracts/MintOneToken.sol":{"l":{"18":6,"22":14,"23":14,"24":14,"28":0,"29":0,"33":1},"path":"/home/anne/HAAAAAAAA/newTry/contracts/MintOneToken.sol","s":{"1":6,"2":14,"3":14,"4":14,"5":0,"6":0,"7":1},"b":{"1":[0,0]},"f":{"1":6,"2":14,"3":0,"4":1},"fnMap":{"1":{"name":"constructor","line":17,"loc":{"start":{"line":17,"column":4},"end":{"line":19,"column":4}}},"2":{"name":"mintNft","line":21,"loc":{"start":{"line":21,"column":4},"end":{"line":25,"column":4}}},"3":{"name":"tokenURI","line":27,"loc":{"start":{"line":27,"column":4},"end":{"line":30,"column":4}}},"4":{"name":"getTokenCounter","line":32,"loc":{"start":{"line":32,"column":4},"end":{"line":34,"column":4}}}},"statementMap":{"1":{"start":{"line":18,"column":8},"end":{"line":18,"column":25}},"2":{"start":{"line":22,"column":8},"end":{"line":22,"column":44}},"3":{"start":{"line":23,"column":8},"end":{"line":23,"column":38}},"4":{"start":{"line":24,"column":8},"end":{"line":24,"column":42}},"5":{"start":{"line":28,"column":8},"end":{"line":28,"column":83}},"6":{"start":{"line":29,"column":8},"end":{"line":29,"column":24}},"7":{"start":{"line":33,"column":8},"end":{"line":33,"column":29}}},"branchMap":{"1":{"line":28,"type":"if","locations":[{"start":{"line":28,"column":8},"end":{"line":28,"column":8}},{"start":{"line":28,"column":8},"end":{"line":28,"column":8}}]}}}}