{"contracts/MarsKetplace.sol":{"l":{"54":16,"55":16,"56":1,"58":15,"63":11,"64":11,"65":3,"67":8,"72":21,"73":21,"74":21,"75":3,"77":18,"81":3,"97":14,"98":1,"101":13,"102":13,"103":0,"106":13,"108":13,"113":6,"115":6,"116":1,"119":5,"121":5,"122":5,"127":1,"129":1,"134":1,"135":1,"140":3,"141":2,"142":2,"143":1,"144":1,"150":1,"154":3},"path":"/home/anne/HAAAAAAAA/newTry/contracts/MarsKetplace.sol","s":{"1":16,"2":16,"3":11,"4":11,"5":21,"6":21,"7":21,"8":3,"9":14,"10":13,"11":13,"12":13,"13":13,"14":6,"15":6,"16":5,"17":5,"18":1,"19":1,"20":1,"21":3,"22":2,"23":2,"24":1,"25":1,"26":1,"27":3},"b":{"1":[1,15],"2":[3,8],"3":[3,18],"4":[1,13],"5":[0,13],"6":[1,5],"7":[2,1],"8":[1,1],"9":[1,0]},"f":{"1":16,"2":11,"3":21,"4":3,"5":14,"6":6,"7":1,"8":1,"9":3,"10":1,"11":3},"fnMap":{"1":{"name":"notListed","line":53,"loc":{"start":{"line":53,"column":4},"end":{"line":59,"column":4}}},"2":{"name":"isListed","line":62,"loc":{"start":{"line":62,"column":4},"end":{"line":68,"column":4}}},"3":{"name":"isOwner","line":71,"loc":{"start":{"line":71,"column":4},"end":{"line":78,"column":4}}},"4":{"name":"constructor","line":80,"loc":{"start":{"line":80,"column":4},"end":{"line":82,"column":4}}},"5":{"name":"listItem","line":95,"loc":{"start":{"line":95,"column":4},"end":{"line":110,"column":4}}},"6":{"name":"buyNFT","line":112,"loc":{"start":{"line":112,"column":4},"end":{"line":123,"column":4}}},"7":{"name":"cancelListing","line":125,"loc":{"start":{"line":125,"column":4},"end":{"line":130,"column":4}}},"8":{"name":"updateNFTPrice","line":132,"loc":{"start":{"line":132,"column":4},"end":{"line":136,"column":4}}},"9":{"name":"withdrawSales","line":138,"loc":{"start":{"line":138,"column":4},"end":{"line":145,"column":4}}},"10":{"name":"getListing","line":149,"loc":{"start":{"line":149,"column":4},"end":{"line":151,"column":4}}},"11":{"name":"getBalance","line":153,"loc":{"start":{"line":153,"column":4},"end":{"line":155,"column":4}}}},"statementMap":{"1":{"start":{"line":54,"column":8},"end":{"line":54,"column":65}},"2":{"start":{"line":55,"column":8},"end":{"line":55,"column":1892}},"3":{"start":{"line":63,"column":8},"end":{"line":63,"column":65}},"4":{"start":{"line":64,"column":8},"end":{"line":64,"column":2212}},"5":{"start":{"line":72,"column":8},"end":{"line":72,"column":41}},"6":{"start":{"line":73,"column":8},"end":{"line":73,"column":44}},"7":{"start":{"line":74,"column":8},"end":{"line":74,"column":2593}},"8":{"start":{"line":81,"column":8},"end":{"line":81,"column":33}},"9":{"start":{"line":97,"column":8},"end":{"line":97,"column":3480}},"10":{"start":{"line":101,"column":8},"end":{"line":101,"column":41}},"11":{"start":{"line":102,"column":8},"end":{"line":102,"column":3723}},"12":{"start":{"line":106,"column":8},"end":{"line":106,"column":68}},"13":{"start":{"line":108,"column":8},"end":{"line":108,"column":63}},"14":{"start":{"line":113,"column":8},"end":{"line":113,"column":68}},"15":{"start":{"line":115,"column":8},"end":{"line":115,"column":4273}},"16":{"start":{"line":121,"column":8},"end":{"line":121,"column":83}},"17":{"start":{"line":122,"column":8},"end":{"line":122,"column":72}},"18":{"start":{"line":129,"column":8},"end":{"line":129,"column":45}},"19":{"start":{"line":134,"column":8},"end":{"line":134,"column":56}},"20":{"start":{"line":135,"column":8},"end":{"line":135,"column":66}},"21":{"start":{"line":140,"column":8},"end":{"line":140,"column":105}},"22":{"start":{"line":141,"column":8},"end":{"line":141,"column":47}},"23":{"start":{"line":142,"column":8},"end":{"line":142,"column":64}},"24":{"start":{"line":143,"column":8},"end":{"line":143,"column":69}},"25":{"start":{"line":144,"column":8},"end":{"line":144,"column":42}},"26":{"start":{"line":150,"column":8},"end":{"line":150,"column":47}},"27":{"start":{"line":154,"column":8},"end":{"line":154,"column":36}}},"branchMap":{"1":{"line":55,"type":"if","locations":[{"start":{"line":55,"column":8},"end":{"line":55,"column":8}},{"start":{"line":55,"column":8},"end":{"line":55,"column":8}}]},"2":{"line":64,"type":"if","locations":[{"start":{"line":64,"column":8},"end":{"line":64,"column":8}},{"start":{"line":64,"column":8},"end":{"line":64,"column":8}}]},"3":{"line":74,"type":"if","locations":[{"start":{"line":74,"column":8},"end":{"line":74,"column":8}},{"start":{"line":74,"column":8},"end":{"line":74,"column":8}}]},"4":{"line":97,"type":"if","locations":[{"start":{"line":97,"column":8},"end":{"line":97,"column":8}},{"start":{"line":97,"column":8},"end":{"line":97,"column":8}}]},"5":{"line":102,"type":"if","locations":[{"start":{"line":102,"column":8},"end":{"line":102,"column":8}},{"start":{"line":102,"column":8},"end":{"line":102,"column":8}}]},"6":{"line":115,"type":"if","locations":[{"start":{"line":115,"column":8},"end":{"line":115,"column":8}},{"start":{"line":115,"column":8},"end":{"line":115,"column":8}}]},"7":{"line":140,"type":"if","locations":[{"start":{"line":140,"column":8},"end":{"line":140,"column":8}},{"start":{"line":140,"column":8},"end":{"line":140,"column":8}}]},"8":{"line":142,"type":"if","locations":[{"start":{"line":142,"column":8},"end":{"line":142,"column":8}},{"start":{"line":142,"column":8},"end":{"line":142,"column":8}}]},"9":{"line":144,"type":"if","locations":[{"start":{"line":144,"column":8},"end":{"line":144,"column":8}},{"start":{"line":144,"column":8},"end":{"line":144,"column":8}}]}}},"contracts/MintOneToken.sol":{"l":{"18":6,"22":18,"23":18,"24":18,"28":0,"29":0,"33":1},"path":"/home/anne/HAAAAAAAA/newTry/contracts/MintOneToken.sol","s":{"1":6,"2":18,"3":18,"4":18,"5":0,"6":0,"7":1},"b":{"1":[0,0]},"f":{"1":6,"2":18,"3":0,"4":1},"fnMap":{"1":{"name":"constructor","line":17,"loc":{"start":{"line":17,"column":4},"end":{"line":19,"column":4}}},"2":{"name":"mintNft","line":21,"loc":{"start":{"line":21,"column":4},"end":{"line":25,"column":4}}},"3":{"name":"tokenURI","line":27,"loc":{"start":{"line":27,"column":4},"end":{"line":30,"column":4}}},"4":{"name":"getTokenCounter","line":32,"loc":{"start":{"line":32,"column":4},"end":{"line":34,"column":4}}}},"statementMap":{"1":{"start":{"line":18,"column":8},"end":{"line":18,"column":25}},"2":{"start":{"line":22,"column":8},"end":{"line":22,"column":44}},"3":{"start":{"line":23,"column":8},"end":{"line":23,"column":38}},"4":{"start":{"line":24,"column":8},"end":{"line":24,"column":42}},"5":{"start":{"line":28,"column":8},"end":{"line":28,"column":83}},"6":{"start":{"line":29,"column":8},"end":{"line":29,"column":24}},"7":{"start":{"line":33,"column":8},"end":{"line":33,"column":29}}},"branchMap":{"1":{"line":28,"type":"if","locations":[{"start":{"line":28,"column":8},"end":{"line":28,"column":8}},{"start":{"line":28,"column":8},"end":{"line":28,"column":8}}]}}}}